2024-12-06 09:19:07,810 [Worker-7: Loading available Gradle versions] INFO  o.e.b.c.i.u.g.PublishedGradleVersions - Gradle version information cache is not available. Remote download required.
2024-12-06 09:20:02,271 [Worker-3: Building] INFO  o.e.m.c.i.l.LifecycleMappingFactory - Using org.eclipse.m2e.jdt.JarLifecycleMapping lifecycle mapping for MavenProject: org.sist:sb01_jsp:0.0.1-SNAPSHOT @ C:\Class\Workspace\SpringBootClass\sb01_jsp\pom.xml.
2024-12-06 09:20:05,430 [Worker-3: Building] INFO  o.a.m.s.f.DefaultMavenResourcesFiltering - Copying 1 resource from src\main\resources to target\classes
2024-12-06 09:20:05,444 [Worker-3: Building] INFO  o.a.m.s.f.DefaultMavenResourcesFiltering - Copying 2 resources from src\main\resources to target\classes
2024-12-06 09:20:05,449 [Worker-3: Building] INFO  o.a.m.s.f.DefaultMavenResourcesFiltering - skip non existing resourceDirectory C:\Class\Workspace\SpringBootClass\sb01_jsp\src\test\resources
2024-12-06 09:20:05,823 [Worker-10: Building] INFO  o.a.m.s.f.DefaultMavenResourcesFiltering - Copying 1 resource from src\main\resources to target\classes
2024-12-06 09:20:05,825 [Worker-10: Building] INFO  o.a.m.s.f.DefaultMavenResourcesFiltering - Copying 2 resources from src\main\resources to target\classes
2024-12-06 09:20:05,829 [Worker-10: Building] INFO  o.a.m.s.f.DefaultMavenResourcesFiltering - skip non existing resourceDirectory C:\Class\Workspace\SpringBootClass\sb01_jsp\src\test\resources
2024-12-06 09:20:06,218 [Worker-10: Building] INFO  o.e.m.c.i.l.LifecycleMappingFactory - Using org.eclipse.m2e.jdt.JarLifecycleMapping lifecycle mapping for MavenProject: org.sist:sb02_mybatis:0.0.1-SNAPSHOT @ C:\Class\Workspace\SpringBootClass\sb02_mybatis\pom.xml.
2024-12-06 09:20:06,537 [Worker-10: Building] INFO  o.a.m.s.f.DefaultMavenResourcesFiltering - Copying 1 resource from src\main\resources to target\classes
2024-12-06 09:20:06,556 [Worker-10: Building] INFO  o.a.m.s.f.DefaultMavenResourcesFiltering - Copying 2 resources from src\main\resources to target\classes
2024-12-06 09:20:06,562 [Worker-10: Building] INFO  o.a.m.s.f.DefaultMavenResourcesFiltering - skip non existing resourceDirectory C:\Class\Workspace\SpringBootClass\sb02_mybatis\src\test\resources
2024-12-06 09:20:06,956 [Worker-10: Building] INFO  o.e.m.c.i.l.LifecycleMappingFactory - Using org.eclipse.m2e.jdt.JarLifecycleMapping lifecycle mapping for MavenProject: org.sist:sb03_jpa_oracle:0.0.1-SNAPSHOT @ C:\Class\Workspace\SpringBootClass\sb03_jpa_oracle\pom.xml.
2024-12-06 09:20:08,097 [Worker-10: Building] INFO  o.a.m.s.f.DefaultMavenResourcesFiltering - Copying 1 resource from src\main\resources to target\classes
2024-12-06 09:20:08,110 [Worker-10: Building] INFO  o.a.m.s.f.DefaultMavenResourcesFiltering - Copying 2 resources from src\main\resources to target\classes
2024-12-06 09:20:08,114 [Worker-10: Building] INFO  o.a.m.s.f.DefaultMavenResourcesFiltering - skip non existing resourceDirectory C:\Class\Workspace\SpringBootClass\sb03_jpa_oracle\src\test\resources
2024-12-06 09:20:08,377 [Worker-6: Building] INFO  o.a.m.s.f.DefaultMavenResourcesFiltering - Copying 1 resource from src\main\resources to target\classes
2024-12-06 09:20:08,378 [Worker-6: Building] INFO  o.a.m.s.f.DefaultMavenResourcesFiltering - Copying 2 resources from src\main\resources to target\classes
2024-12-06 09:20:08,383 [Worker-6: Building] INFO  o.a.m.s.f.DefaultMavenResourcesFiltering - skip non existing resourceDirectory C:\Class\Workspace\SpringBootClass\sb02_mybatis\src\test\resources
2024-12-06 09:20:08,496 [Worker-6: Building] INFO  o.a.m.s.f.DefaultMavenResourcesFiltering - Copying 1 resource from src\main\resources to target\classes
2024-12-06 09:20:08,497 [Worker-6: Building] INFO  o.a.m.s.f.DefaultMavenResourcesFiltering - Copying 2 resources from src\main\resources to target\classes
2024-12-06 09:20:08,501 [Worker-6: Building] INFO  o.a.m.s.f.DefaultMavenResourcesFiltering - skip non existing resourceDirectory C:\Class\Workspace\SpringBootClass\sb03_jpa_oracle\src\test\resources
2024-12-06 09:20:08,826 [Worker-6: Building] INFO  o.e.m.c.i.l.LifecycleMappingFactory - Using org.eclipse.m2e.jdt.JarLifecycleMapping lifecycle mapping for MavenProject: org.sist:sb04_oracle_mybatis_jsp:0.0.1-SNAPSHOT @ C:\Class\Workspace\SpringBootClass\sb04_oracle_mybatis_jsp\pom.xml.
2024-12-06 09:20:09,141 [Worker-6: Building] INFO  o.a.m.s.f.DefaultMavenResourcesFiltering - Copying 1 resource from src\main\resources to target\classes
2024-12-06 09:20:09,152 [Worker-6: Building] INFO  o.a.m.s.f.DefaultMavenResourcesFiltering - Copying 165 resources from src\main\resources to target\classes
2024-12-06 09:20:09,254 [Worker-6: Building] INFO  o.a.m.s.f.DefaultMavenResourcesFiltering - skip non existing resourceDirectory C:\Class\Workspace\SpringBootClass\sb04_oracle_mybatis_jsp\src\test\resources
2024-12-06 09:20:09,539 [Worker-6: Building] INFO  o.e.m.c.i.l.LifecycleMappingFactory - Using org.eclipse.m2e.jdt.JarLifecycleMapping lifecycle mapping for MavenProject: org.sist:sb05_oracle_mybatis_thymeleaf:0.0.1-SNAPSHOT @ C:\Class\Workspace\SpringBootClass\sb05_oracle_mybatis_thymeleaf\pom.xml.
2024-12-06 09:20:10,008 [Worker-6: Building] INFO  o.a.m.s.f.DefaultMavenResourcesFiltering - Copying 1 resource from src\main\resources to target\classes
2024-12-06 09:20:10,018 [Worker-6: Building] INFO  o.a.m.s.f.DefaultMavenResourcesFiltering - Copying 6 resources from src\main\resources to target\classes
2024-12-06 09:20:10,024 [Worker-6: Building] INFO  o.a.m.s.f.DefaultMavenResourcesFiltering - skip non existing resourceDirectory C:\Class\Workspace\SpringBootClass\sb05_oracle_mybatis_thymeleaf\src\test\resources
2024-12-06 09:20:11,207 [Worker-12: Building] INFO  o.a.m.s.f.DefaultMavenResourcesFiltering - Copying 1 resource from src\main\resources to target\classes
2024-12-06 09:20:11,208 [Worker-12: Building] INFO  o.a.m.s.f.DefaultMavenResourcesFiltering - Copying 165 resources from src\main\resources to target\classes
2024-12-06 09:20:11,281 [Worker-12: Building] INFO  o.a.m.s.f.DefaultMavenResourcesFiltering - skip non existing resourceDirectory C:\Class\Workspace\SpringBootClass\sb04_oracle_mybatis_jsp\src\test\resources
2024-12-06 09:20:11,379 [Worker-12: Building] INFO  o.a.m.s.f.DefaultMavenResourcesFiltering - Copying 1 resource from src\main\resources to target\classes
2024-12-06 09:20:11,380 [Worker-12: Building] INFO  o.a.m.s.f.DefaultMavenResourcesFiltering - Copying 6 resources from src\main\resources to target\classes
2024-12-06 09:20:11,384 [Worker-12: Building] INFO  o.a.m.s.f.DefaultMavenResourcesFiltering - skip non existing resourceDirectory C:\Class\Workspace\SpringBootClass\sb05_oracle_mybatis_thymeleaf\src\test\resources
2024-12-06 09:28:11,883 [Worker-6: Loading available Gradle versions] INFO  o.e.b.c.i.u.g.PublishedGradleVersions - Gradle version information cache is up-to-date. Trying to read.
2024-12-06 09:53:40,026 [Worker-6: Loading available Gradle versions] INFO  o.e.b.c.i.u.g.PublishedGradleVersions - Gradle version information cache is up-to-date. Trying to read.
